[2022-04-24 04:17:56] [ ERROR] [GlobalExceptionHandler:17] could not execute statement; SQL [n/a]; constraint ["FKE6NBFHWYMISXJA2FVDUNYRTB: PUBLIC.TURNO FOREIGN KEY(ODONTOLOGO_ID) REFERENCES PUBLIC.ODONTOLOGO(ID) (X'd6ceff7cf6634699bf3fefa9acc45c97')"; SQL statement:
delete from odontologo where id=? [23503-200]]; nested exception is org.hibernate.exception.ConstraintViolationException: could not execute statement -- uri=/odontologos/d6ceff7c-f663-4699-bf3f-efa9acc45c97;client=0:0:0:0:0:0:0:1;user=admin
[2022-04-24 04:21:10] [ ERROR] [GlobalExceptionHandler:17] could not execute statement; SQL [n/a]; constraint ["FKE6NBFHWYMISXJA2FVDUNYRTB: PUBLIC.TURNO FOREIGN KEY(ODONTOLOGO_ID) REFERENCES PUBLIC.ODONTOLOGO(ID) (X'796554d187774a75ac4f1736588722d2')"; SQL statement:
delete from odontologo where id=? [23503-200]]; nested exception is org.hibernate.exception.ConstraintViolationException: could not execute statement -- uri=/odontologos/796554d1-8777-4a75-ac4f-1736588722d2;client=0:0:0:0:0:0:0:1;user=admin
[2022-04-24 04:25:35] [ ERROR] [GlobalExceptionHandler:17] could not execute statement; SQL [n/a]; constraint ["FKE6NBFHWYMISXJA2FVDUNYRTB: PUBLIC.TURNO FOREIGN KEY(ODONTOLOGO_ID) REFERENCES PUBLIC.ODONTOLOGO(ID) (X'796554d187774a75ac4f1736588722d2')"; SQL statement:
delete from odontologo where id=? [23503-200]]; nested exception is org.hibernate.exception.ConstraintViolationException: could not execute statement -- uri=/odontologos/796554d1-8777-4a75-ac4f-1736588722d2;client=0:0:0:0:0:0:0:1;user=admin
[2022-04-24 04:28:24] [ ERROR] [GlobalExceptionHandler:17] could not execute statement; SQL [n/a]; constraint ["FKQHWVSF9BQSFMLHD0NURYNVWSD: PUBLIC.TURNO FOREIGN KEY(PACIENTE_ID) REFERENCES PUBLIC.PACIENTE(ID) (X'b47f625e93ee483d80769ca29c439e54')"; SQL statement:
delete from paciente where id=? [23503-200]]; nested exception is org.hibernate.exception.ConstraintViolationException: could not execute statement -- uri=/pacientes/b47f625e-93ee-483d-8076-9ca29c439e54;client=0:0:0:0:0:0:0:1;user=admin
[2022-04-24 04:29:49] [ ERROR] [GlobalExceptionHandler:17] could not execute statement; SQL [n/a]; constraint ["FKE6NBFHWYMISXJA2FVDUNYRTB: PUBLIC.TURNO FOREIGN KEY(ODONTOLOGO_ID) REFERENCES PUBLIC.ODONTOLOGO(ID) (X'7ccc820ccdbc41cbaae423d879e17192')"; SQL statement:
delete from odontologo where id=? [23503-200]]; nested exception is org.hibernate.exception.ConstraintViolationException: could not execute statement -- uri=/odontologos/7ccc820c-cdbc-41cb-aae4-23d879e17192;client=0:0:0:0:0:0:0:1;user=admin
[2022-04-24 04:30:21] [ ERROR] [GlobalExceptionHandler:17] could not execute statement; SQL [n/a]; constraint ["FKE6NBFHWYMISXJA2FVDUNYRTB: PUBLIC.TURNO FOREIGN KEY(ODONTOLOGO_ID) REFERENCES PUBLIC.ODONTOLOGO(ID) (X'974a33934ad9434aa3a0441d922e4584')"; SQL statement:
delete from odontologo where id=? [23503-200]]; nested exception is org.hibernate.exception.ConstraintViolationException: could not execute statement -- uri=/odontologos/974a3393-4ad9-434a-a3a0-441d922e4584;client=0:0:0:0:0:0:0:1;user=admin
[2022-04-24 05:37:01] [ ERROR] [GlobalExceptionHandler:17] could not execute statement; SQL [n/a]; constraint ["FKE6NBFHWYMISXJA2FVDUNYRTB: PUBLIC.TURNO FOREIGN KEY(ODONTOLOGO_ID) REFERENCES PUBLIC.ODONTOLOGO(ID) (X'194ad629214d4b0da4c57e76d5665ec3')"; SQL statement:
delete from odontologo where id=? [23503-200]]; nested exception is org.hibernate.exception.ConstraintViolationException: could not execute statement -- uri=/odontologos/194ad629-214d-4b0d-a4c5-7e76d5665ec3;client=0:0:0:0:0:0:0:1;user=admin
[2022-04-24 05:37:07] [ ERROR] [GlobalExceptionHandler:17] could not execute statement; SQL [n/a]; constraint ["FKE6NBFHWYMISXJA2FVDUNYRTB: PUBLIC.TURNO FOREIGN KEY(ODONTOLOGO_ID) REFERENCES PUBLIC.ODONTOLOGO(ID) (X'194ad629214d4b0da4c57e76d5665ec3')"; SQL statement:
delete from odontologo where id=? [23503-200]]; nested exception is org.hibernate.exception.ConstraintViolationException: could not execute statement -- uri=/odontologos/194ad629-214d-4b0d-a4c5-7e76d5665ec3;client=0:0:0:0:0:0:0:1;user=admin
[2022-04-24 05:41:40] [ ERROR] [GlobalExceptionHandler:17] could not execute statement; SQL [n/a]; constraint ["FKQHWVSF9BQSFMLHD0NURYNVWSD: PUBLIC.TURNO FOREIGN KEY(PACIENTE_ID) REFERENCES PUBLIC.PACIENTE(ID) (X'090c43160abb440a84183df0b78466af')"; SQL statement:
delete from paciente where id=? [23503-200]]; nested exception is org.hibernate.exception.ConstraintViolationException: could not execute statement -- uri=/pacientes/090c4316-0abb-440a-8418-3df0b78466af;client=0:0:0:0:0:0:0:1;user=admin
[2022-04-24 05:45:06] [ ERROR] [GlobalExceptionHandler:17] could not execute statement; SQL [n/a]; constraint ["FKQHWVSF9BQSFMLHD0NURYNVWSD: PUBLIC.TURNO FOREIGN KEY(PACIENTE_ID) REFERENCES PUBLIC.PACIENTE(ID) (X'e5fda0209161444da4791b844c7be34b')"; SQL statement:
delete from paciente where id=? [23503-200]]; nested exception is org.hibernate.exception.ConstraintViolationException: could not execute statement -- uri=/pacientes/e5fda020-9161-444d-a479-1b844c7be34b;client=0:0:0:0:0:0:0:1;user=admin
[2022-04-24 05:45:17] [ ERROR] [GlobalExceptionHandler:17] could not execute statement; SQL [n/a]; constraint ["FKE6NBFHWYMISXJA2FVDUNYRTB: PUBLIC.TURNO FOREIGN KEY(ODONTOLOGO_ID) REFERENCES PUBLIC.ODONTOLOGO(ID) (X'cceaadf1b35b4824bff9447ec0f31506')"; SQL statement:
delete from odontologo where id=? [23503-200]]; nested exception is org.hibernate.exception.ConstraintViolationException: could not execute statement -- uri=/odontologos/cceaadf1-b35b-4824-bff9-447ec0f31506;client=0:0:0:0:0:0:0:1;user=admin
[2022-04-24 05:45:26] [ ERROR] [GlobalExceptionHandler:17] could not execute statement; SQL [n/a]; constraint ["FKE6NBFHWYMISXJA2FVDUNYRTB: PUBLIC.TURNO FOREIGN KEY(ODONTOLOGO_ID) REFERENCES PUBLIC.ODONTOLOGO(ID) (X'cceaadf1b35b4824bff9447ec0f31506')"; SQL statement:
delete from odontologo where id=? [23503-200]]; nested exception is org.hibernate.exception.ConstraintViolationException: could not execute statement -- uri=/odontologos/cceaadf1-b35b-4824-bff9-447ec0f31506;client=0:0:0:0:0:0:0:1;user=admin
[2022-04-24 05:45:37] [ ERROR] [GlobalExceptionHandler:17] could not execute statement; SQL [n/a]; constraint ["FKE6NBFHWYMISXJA2FVDUNYRTB: PUBLIC.TURNO FOREIGN KEY(ODONTOLOGO_ID) REFERENCES PUBLIC.ODONTOLOGO(ID) (X'cceaadf1b35b4824bff9447ec0f31506')"; SQL statement:
delete from odontologo where id=? [23503-200]]; nested exception is org.hibernate.exception.ConstraintViolationException: could not execute statement -- uri=/odontologos/cceaadf1-b35b-4824-bff9-447ec0f31506;client=0:0:0:0:0:0:0:1;user=admin
[2022-04-24 05:46:29] [ ERROR] [GlobalExceptionHandler:17] could not execute statement; SQL [n/a]; constraint ["FKE6NBFHWYMISXJA2FVDUNYRTB: PUBLIC.TURNO FOREIGN KEY(ODONTOLOGO_ID) REFERENCES PUBLIC.ODONTOLOGO(ID) (X'cceaadf1b35b4824bff9447ec0f31506')"; SQL statement:
delete from odontologo where id=? [23503-200]]; nested exception is org.hibernate.exception.ConstraintViolationException: could not execute statement -- uri=/odontologos/cceaadf1-b35b-4824-bff9-447ec0f31506;client=0:0:0:0:0:0:0:1;user=admin
[2022-04-24 08:16:26] [ ERROR] [GlobalExceptionHandler:17] could not execute statement; SQL [n/a]; constraint ["FKQHWVSF9BQSFMLHD0NURYNVWSD: PUBLIC.TURNO FOREIGN KEY(PACIENTE_ID) REFERENCES PUBLIC.PACIENTE(ID) (X'7173ce9b25e2494e8a9f4b783f4df80f')"; SQL statement:
delete from paciente where id=? [23503-200]]; nested exception is org.hibernate.exception.ConstraintViolationException: could not execute statement -- uri=/pacientes/7173ce9b-25e2-494e-8a9f-4b783f4df80f;client=0:0:0:0:0:0:0:1;user=henry
[2022-04-24 08:16:48] [ ERROR] [GlobalExceptionHandler:17] could not execute statement; SQL [n/a]; constraint ["FKQHWVSF9BQSFMLHD0NURYNVWSD: PUBLIC.TURNO FOREIGN KEY(PACIENTE_ID) REFERENCES PUBLIC.PACIENTE(ID) (X'7173ce9b25e2494e8a9f4b783f4df80f')"; SQL statement:
delete from paciente where id=? [23503-200]]; nested exception is org.hibernate.exception.ConstraintViolationException: could not execute statement -- uri=/pacientes/7173ce9b-25e2-494e-8a9f-4b783f4df80f;client=0:0:0:0:0:0:0:1;user=henry
